<?xml version="1.0" encoding="UTF-8"?>
<!-- Generated by org.testng.reporters.JUnitReportReporter -->
<testsuite skipped="0" hostname="DESKTOP-SHS08M3" name="TestCases.Testlogin" tests="1" failures="0" timestamp="17 Jul 2018 14:09:48 GMT" time="23.187" errors="0">
  <testcase name="launch" time="23.187" classname="TestCases.Testlogin"/>
</testsuite> <!-- TestCases.Testlogin -->
