<?xml version="1.0" encoding="UTF-8"?>
<!-- Generated by org.testng.reporters.JUnitReportReporter -->
<testsuite skipped="0" hostname="DESKTOP-SHS08M3" name="TestCases.RegisterTest" tests="1" failures="0" timestamp="16 Jul 2018 06:28:03 GMT" time="22.620" errors="0">
  <testcase name="Register" time="22.620" classname="TestCases.RegisterTest"/>
</testsuite> <!-- TestCases.RegisterTest -->
