<?xml version="1.0" encoding="UTF-8"?>
<!-- Generated by org.testng.reporters.JUnitReportReporter -->
<testsuite skipped="0" hostname="DESKTOP-SHS08M3" name="TestCases.LoginAsSunil" tests="1" failures="0" timestamp="28 Aug 2018 06:51:26 GMT" time="10.992" errors="0">
  <testcase name="Login" time="10.992" classname="TestCases.LoginAsSunil"/>
</testsuite> <!-- TestCases.LoginAsSunil -->
