<?xml version="1.0" encoding="UTF-8"?>
<!-- Generated by org.testng.reporters.JUnitReportReporter -->
<testsuite skipped="0" hostname="DESKTOP-SHS08M3" name="TestCases.Launch" tests="1" failures="0" timestamp="09 Aug 2018 17:52:48 GMT" time="1.407" errors="0">
  <testcase name="launchinf" time="1.407" classname="TestCases.Launch"/>
</testsuite> <!-- TestCases.Launch -->
