<?xml version="1.0" encoding="UTF-8"?>
<!-- Generated by org.testng.reporters.JUnitReportReporter -->
<testsuite hostname="DESKTOP-SHS08M3" name="TestCases.LoginAsSunil" tests="1" failures="0" timestamp="17 Jul 2018 16:19:52 GMT" time="11.361" errors="0">
  <testcase name="Login" time="11.361" classname="TestCases.LoginAsSunil"/>
</testsuite> <!-- TestCases.LoginAsSunil -->
